[09Dec2024 00:01:18.232] [Server thread/INFO] [net.minecraft.server.MinecraftServer/]: d0ce3_ has made the advancement [Isn't It Iron Pick]
[09Dec2024 00:02:29.995] [Server thread/INFO] [net.minecraft.server.MinecraftServer/]: d0ce3_ has made the advancement [Over Complication]
[09Dec2024 00:07:32.845] [Server thread/INFO] [net.minecraft.server.MinecraftServer/]: MAXI has made the advancement [Over Complication]
[09Dec2024 00:09:30.660] [Server thread/INFO] [net.minecraft.server.MinecraftServer/]: MAXI has made the advancement [Expansions]
[09Dec2024 00:16:39.789] [Server thread/INFO] [net.minecraft.server.MinecraftServer/]: MAXI has made the advancement [Step 7]
[09Dec2024 00:16:39.790] [Server thread/INFO] [net.minecraft.server.MinecraftServer/]: d0ce3_ has made the advancement [Step 7]
[09Dec2024 00:19:46.096] [Server thread/INFO] [net.minecraft.server.MinecraftServer/]: d0ce3_ has made the advancement [Diamonds!]
[09Dec2024 00:19:46.097] [Server thread/INFO] [net.minecraft.server.MinecraftServer/]: d0ce3_ has made the advancement [Shine bright, like a Diamond]
[09Dec2024 00:23:58.127] [Server thread/INFO] [net.minecraft.server.MinecraftServer/]: d0ce3_ has made the advancement [Expansions]
[09Dec2024 00:26:44.245] [Server thread/INFO] [net.minecraft.server.MinecraftServer/]: MAXI has made the advancement [Shine bright, like a Diamond]
[09Dec2024 00:26:44.246] [Server thread/INFO] [net.minecraft.server.MinecraftServer/]: MAXI has made the advancement [Diamonds!]
[09Dec2024 00:42:44.302] [Server thread/INFO] [net.minecraft.server.MinecraftServer/]: MAXI has made the advancement [Chonky Chunks]
[09Dec2024 00:52:02.763] [Server thread/WARN] [net.minecraft.server.network.ServerGamePacketListenerImpl/]: MAXI moved too quickly! 0.0,-10.856489120741116,-0.08771814036976977
[09Dec2024 01:04:35.946] [Server thread/INFO] [net.minecraft.server.network.ServerGamePacketListenerImpl/]: MAXI lost connection: Disconnected
[09Dec2024 01:04:35.947] [Server thread/INFO] [net.minecraft.server.MinecraftServer/]: MAXI left the game
[09Dec2024 01:04:40.093] [Server thread/INFO] [net.minecraft.server.network.ServerGamePacketListenerImpl/]: d0ce3_ lost connection: Disconnected
[09Dec2024 01:04:40.094] [Server thread/INFO] [net.minecraft.server.MinecraftServer/]: d0ce3_ left the game
[09Dec2024 01:04:46.190] [Server thread/INFO] [net.minecraft.server.MinecraftServer/]: Stopping the server
[09Dec2024 01:04:46.239] [Server thread/INFO] [net.minecraft.server.MinecraftServer/]: Stopping server
[09Dec2024 01:04:46.240] [Server thread/INFO] [net.minecraft.server.MinecraftServer/]: Saving players
[09Dec2024 01:04:46.240] [Server thread/INFO] [net.minecraft.server.MinecraftServer/]: Saving worlds
[09Dec2024 01:04:46.260] [Server thread/INFO] [net.minecraft.server.MinecraftServer/]: Saving chunks for level 'ServerLevel[Oneblock Original v3.2.0]'/minecraft:overworld
[09Dec2024 01:04:46.274] [Server thread/INFO] [net.minecraft.server.MinecraftServer/]: Saving chunks for level 'ServerLevel[Oneblock Original v3.2.0]'/minecraft:the_end
[09Dec2024 01:04:46.278] [Server thread/INFO] [net.minecraft.server.MinecraftServer/]: Saving chunks for level 'ServerLevel[Oneblock Original v3.2.0]'/minecraft:the_nether
[09Dec2024 01:04:46.302] [Server thread/INFO] [net.minecraft.server.MinecraftServer/]: ThreadedAnvilChunkStorage (world): All chunks are saved
[09Dec2024 01:04:46.302] [Server thread/INFO] [net.minecraft.server.MinecraftServer/]: ThreadedAnvilChunkStorage (DIM1): All chunks are saved
[09Dec2024 01:04:46.302] [Server thread/INFO] [net.minecraft.server.MinecraftServer/]: ThreadedAnvilChunkStorage (DIM-1): All chunks are saved
[09Dec2024 01:04:46.302] [Server thread/INFO] [net.minecraft.server.MinecraftServer/]: ThreadedAnvilChunkStorage: All dimensions are saved
[09Dec2024 01:04:46.809] [pool-3-thread-1/INFO] [de.geheimagentnr1.minecraft_forge_api.config.AbstractConfig/]: Loading "Rapid Leaf Decay" SERVER Config
[09Dec2024 01:04:46.810] [pool-3-thread-1/INFO] [de.geheimagentnr1.minecraft_forge_api.config.AbstractSubConfig/]: decay_delay = 5
[09Dec2024 01:04:46.810] [pool-3-thread-1/INFO] [de.geheimagentnr1.minecraft_forge_api.config.AbstractConfig/]: "Rapid Leaf Decay" SERVER Config loaded
